<?xml version="1.0" encoding="UTF-8"?>
<!-- Generated by org.testng.reporters.JUnitXMLReporter -->
<testsuite hostname="03RNBC-GVSTKP2" ignored="2" name="Method Test Cases" tests="1" failures="0" timestamp="27 May 2019 07:07:01 GMT" time="0.033" errors="0">
  <testcase name="carLoanMobileLogin" time="0.007" classname="testNgtutorial.Day3PrioritizingThetestcasesWithTestNg"/>
  <testcase name="carLoanWebLogin" time="0.0" classname="testNgtutorial.Day3PrioritizingThetestcasesWithTestNg">
    <ignored/>
  </testcase> <!-- carLoanWebLogin -->
  <testcase name="carLoanLoginAPI" time="0.0" classname="testNgtutorial.Day3PrioritizingThetestcasesWithTestNg">
    <ignored/>
  </testcase> <!-- carLoanLoginAPI -->
</testsuite> <!-- Method Test Cases -->
