<?xml version="1.0" encoding="UTF-8"?>
<!-- Generated by org.testng.reporters.JUnitXMLReporter -->
<testsuite hostname="03RNBC-GVSTKP2" ignored="2" name="Car Loan" tests="1" failures="0" timestamp="24 May 2019 08:29:00 GMT" time="0.003" errors="0">
  <testcase name="carLoanMobileLogin" time="0.001" classname="testNgtutorial.Day3PrioritizingThetestcasesWithTestNg"/>
  <testcase name="carLoanWebLogin" time="0.0" classname="testNgtutorial.Day3PrioritizingThetestcasesWithTestNg">
    <ignored/>
  </testcase> <!-- carLoanWebLogin -->
  <testcase name="carLoanLoginAPI" time="0.0" classname="testNgtutorial.Day3PrioritizingThetestcasesWithTestNg">
    <ignored/>
  </testcase> <!-- carLoanLoginAPI -->
</testsuite> <!-- Car Loan -->
