<?xml version="1.0" encoding="UTF-8"?>
<!-- Generated by org.testng.reporters.JUnitXMLReporter -->
<testsuite hostname="03RNBC-GVSTKP2" ignored="0" name="PersonalLoan" tests="8" failures="0" timestamp="24 May 2019 08:29:00 GMT" time="0.031" errors="0">
  <testcase name="Demo" time="0.004" classname="testNgtutorial.DayOneWhytestNgAndItsAdvantages"/>
  <testcase name="Demo2" time="0.001" classname="testNgtutorial.DayOneWhytestNgAndItsAdvantages"/>
  <testcase name="Demo3" time="0.001" classname="testNgtutorial.Day2TestNg"/>
  <testcase name="Test1" time="0.001" classname="testNgB.Day4TestNgAnnotationsPartOne"/>
  <testcase name="Test2" time="0.001" classname="testNgB.Day4TestNgAnnotationsPartOne"/>
  <testcase name="Test3" time="0.001" classname="testNgB.Day4TestNgAnnotationsPartOne"/>
  <testcase name="Test4" time="0.001" classname="testNgB.Day4TestNgAnnotationsPartOne"/>
  <testcase name="Test5" time="0.001" classname="testNgB.Day4TestNgAnnotationsPartOne"/>
</testsuite> <!-- PersonalLoan -->
