<?xml version="1.0" encoding="UTF-8"?>
<testng-results skipped="0" failed="0" ignored="2" total="3" passed="1">
  <reporter-output>
  </reporter-output>
  <suite name="Sample Test Suite" duration-ms="33" started-at="2019-05-27T07:07:01Z" finished-at="2019-05-27T07:07:01Z">
    <groups>
    </groups>
    <test name="Method Test Cases" duration-ms="33" started-at="2019-05-27T07:07:01Z" finished-at="2019-05-27T07:07:01Z">
      <class name="testNgtutorial.Day3PrioritizingThetestcasesWithTestNg">
        <test-method status="PASS" signature="carLoanMobileLogin()[pri:0, instance:testNgtutorial.Day3PrioritizingThetestcasesWithTestNg@6d4b1c02]" name="carLoanMobileLogin" duration-ms="7" started-at="2019-05-27T07:07:01Z" finished-at="2019-05-27T07:07:01Z">
          <reporter-output>
          </reporter-output>
        </test-method> <!-- carLoanMobileLogin -->
      </class> <!-- testNgtutorial.Day3PrioritizingThetestcasesWithTestNg -->
    </test> <!-- Method Test Cases -->
  </suite> <!-- Sample Test Suite -->
</testng-results>
