<?xml version="1.0" encoding="UTF-8"?>
<testng-results skipped="0" failed="1" ignored="0" total="7" passed="6">
  <reporter-output>
  </reporter-output>
  <suite name="Loan Department" duration-ms="55240" started-at="2019-05-30T05:20:46Z" finished-at="2019-05-30T05:21:41Z">
    <groups>
    </groups>
    <test name="Mobile Testcases" duration-ms="37767" started-at="2019-05-30T05:20:46Z" finished-at="2019-05-30T05:21:24Z">
      <class name="testNgDay4.parameterizationIntestNg">
        <test-method status="PASS" signature="TestCaseMobiletestcases(java.lang.String)[pri:0, instance:testNgDay4.parameterizationIntestNg@53b32d7]" name="TestCaseMobiletestcases" duration-ms="8" started-at="2019-05-30T05:20:46Z" finished-at="2019-05-30T05:20:46Z">
          <params>
            <param index="0">
              <value>
                <![CDATA[mobiletestcases.com]]>
              </value>
            </param>
          </params>
          <reporter-output>
          </reporter-output>
        </test-method> <!-- TestCaseMobiletestcases -->
        <test-method status="PASS" signature="Testcases()[pri:0, instance:testNgDay4.parameterizationIntestNg@53b32d7]" name="Testcases" duration-ms="17283" started-at="2019-05-30T05:20:46Z" finished-at="2019-05-30T05:21:03Z">
          <reporter-output>
          </reporter-output>
        </test-method> <!-- Testcases -->
        <test-method status="PASS" signature="Testcases2()[pri:0, instance:testNgDay4.parameterizationIntestNg@53b32d7]" name="Testcases2" duration-ms="10408" started-at="2019-05-30T05:21:03Z" finished-at="2019-05-30T05:21:14Z">
          <reporter-output>
          </reporter-output>
        </test-method> <!-- Testcases2 -->
        <test-method status="PASS" signature="Testcases3()[pri:0, instance:testNgDay4.parameterizationIntestNg@53b32d7]" name="Testcases3" duration-ms="10026" started-at="2019-05-30T05:21:14Z" finished-at="2019-05-30T05:21:24Z">
          <reporter-output>
          </reporter-output>
        </test-method> <!-- Testcases3 -->
      </class> <!-- testNgDay4.parameterizationIntestNg -->
    </test> <!-- Mobile Testcases -->
    <test name="Web Testcases" duration-ms="17437" started-at="2019-05-30T05:21:24Z" finished-at="2019-05-30T05:21:41Z">
      <class name="testNgDay4.parameterizationInTestNgB">
        <test-method status="PASS" signature="Testcases2()[pri:0, instance:testNgDay4.parameterizationInTestNgB@490ab905]" name="Testcases2" duration-ms="11481" started-at="2019-05-30T05:21:24Z" finished-at="2019-05-30T05:21:35Z">
          <reporter-output>
          </reporter-output>
        </test-method> <!-- Testcases2 -->
        <test-method status="FAIL" signature="Testcases3()[pri:0, instance:testNgDay4.parameterizationInTestNgB@490ab905]" name="Testcases3" duration-ms="5944" started-at="2019-05-30T05:21:35Z" finished-at="2019-05-30T05:21:41Z">
          <exception class="org.openqa.selenium.WebDriverException">
            <message>
              <![CDATA[unknown error: cannot determine loading status
from unknown error: cannot determine loading status
from disconnected: received Inspector.detached event
  (Session info: chrome=74.0.3729.169)
  (Driver info: chromedriver=74.0.3729.6 (255758eccf3d244491b8a1317aa76e1ce10d57e9-refs/branch-heads/3729@{#29}),platform=Windows NT 10.0.16299 x86_64) (WARNING: The server did not provide any stacktrace information)
Command duration or timeout: 0 milliseconds
Build info: version: '3.141.5', revision: 'd54ebd709a', time: '2018-11-06T11:42:16'
System info: host: '03RNBC-GVSTKP2', ip: '192.168.31.224', os.name: 'Windows 10', os.arch: 'amd64', os.version: '10.0', java.version: '1.8.0_101'
Driver info: org.openqa.selenium.chrome.ChromeDriver
Capabilities {acceptInsecureCerts: false, acceptSslCerts: false, applicationCacheEnabled: false, browserConnectionEnabled: false, browserName: chrome, chrome: {chromedriverVersion: 74.0.3729.6 (255758eccf3d24..., userDataDir: C:\Users\CHINMA~1.ZA\AppDat...}, cssSelectorsEnabled: true, databaseEnabled: false, goog:chromeOptions: {debuggerAddress: localhost:63030}, handlesAlerts: true, hasTouchScreen: false, javascriptEnabled: true, locationContextEnabled: true, mobileEmulationEnabled: false, nativeEvents: true, networkConnectionEnabled: false, pageLoadStrategy: normal, platform: XP, platformName: XP, proxy: Proxy(), rotatable: false, setWindowRect: true, strictFileInteractability: false, takesHeapSnapshot: true, takesScreenshot: true, timeouts: {implicit: 0, pageLoad: 300000, script: 30000}, unexpectedAlertBehaviour: ignore, unhandledPromptBehavior: ignore, version: 74.0.3729.169, webStorageEnabled: true}
Session ID: 89e8e8878dfa6fc6a9297ebc1d64de71]]>
            </message>
            <full-stacktrace>
              <![CDATA[org.openqa.selenium.WebDriverException: unknown error: cannot determine loading status
from unknown error: cannot determine loading status
from disconnected: received Inspector.detached event
  (Session info: chrome=74.0.3729.169)
  (Driver info: chromedriver=74.0.3729.6 (255758eccf3d244491b8a1317aa76e1ce10d57e9-refs/branch-heads/3729@{#29}),platform=Windows NT 10.0.16299 x86_64) (WARNING: The server did not provide any stacktrace information)
Command duration or timeout: 0 milliseconds
Build info: version: '3.141.5', revision: 'd54ebd709a', time: '2018-11-06T11:42:16'
System info: host: '03RNBC-GVSTKP2', ip: '192.168.31.224', os.name: 'Windows 10', os.arch: 'amd64', os.version: '10.0', java.version: '1.8.0_101'
Driver info: org.openqa.selenium.chrome.ChromeDriver
Capabilities {acceptInsecureCerts: false, acceptSslCerts: false, applicationCacheEnabled: false, browserConnectionEnabled: false, browserName: chrome, chrome: {chromedriverVersion: 74.0.3729.6 (255758eccf3d24..., userDataDir: C:\Users\CHINMA~1.ZA\AppDat...}, cssSelectorsEnabled: true, databaseEnabled: false, goog:chromeOptions: {debuggerAddress: localhost:63030}, handlesAlerts: true, hasTouchScreen: false, javascriptEnabled: true, locationContextEnabled: true, mobileEmulationEnabled: false, nativeEvents: true, networkConnectionEnabled: false, pageLoadStrategy: normal, platform: XP, platformName: XP, proxy: Proxy(), rotatable: false, setWindowRect: true, strictFileInteractability: false, takesHeapSnapshot: true, takesScreenshot: true, timeouts: {implicit: 0, pageLoad: 300000, script: 30000}, unexpectedAlertBehaviour: ignore, unhandledPromptBehavior: ignore, version: 74.0.3729.169, webStorageEnabled: true}
Session ID: 89e8e8878dfa6fc6a9297ebc1d64de71
at sun.reflect.NativeConstructorAccessorImpl.newInstance0(Native Method)
at sun.reflect.NativeConstructorAccessorImpl.newInstance(NativeConstructorAccessorImpl.java:62)
at sun.reflect.DelegatingConstructorAccessorImpl.newInstance(DelegatingConstructorAccessorImpl.java:45)
at java.lang.reflect.Constructor.newInstance(Constructor.java:423)
at org.openqa.selenium.remote.ErrorHandler.createThrowable(ErrorHandler.java:214)
at org.openqa.selenium.remote.ErrorHandler.throwIfResponseFailed(ErrorHandler.java:166)
at org.openqa.selenium.remote.http.JsonHttpResponseCodec.reconstructValue(JsonHttpResponseCodec.java:40)
at org.openqa.selenium.remote.http.AbstractHttpResponseCodec.decode(AbstractHttpResponseCodec.java:80)
at org.openqa.selenium.remote.http.AbstractHttpResponseCodec.decode(AbstractHttpResponseCodec.java:44)
at org.openqa.selenium.remote.HttpCommandExecutor.execute(HttpCommandExecutor.java:158)
at org.openqa.selenium.remote.service.DriverCommandExecutor.execute(DriverCommandExecutor.java:83)
at org.openqa.selenium.remote.RemoteWebDriver.execute(RemoteWebDriver.java:552)
at org.openqa.selenium.remote.RemoteWebDriver.get(RemoteWebDriver.java:277)
at testNgDay4.parameterizationInTestNgB.Testcases3(parameterizationInTestNgB.java:40)
at sun.reflect.NativeMethodAccessorImpl.invoke0(Native Method)
at sun.reflect.NativeMethodAccessorImpl.invoke(NativeMethodAccessorImpl.java:62)
at sun.reflect.DelegatingMethodAccessorImpl.invoke(DelegatingMethodAccessorImpl.java:43)
at java.lang.reflect.Method.invoke(Method.java:498)
at org.testng.internal.MethodInvocationHelper.invokeMethod(MethodInvocationHelper.java:124)
at org.testng.internal.Invoker.invokeMethod(Invoker.java:580)
at org.testng.internal.Invoker.invokeTestMethod(Invoker.java:716)
at org.testng.internal.Invoker.invokeTestMethods(Invoker.java:988)
at org.testng.internal.TestMethodWorker.invokeTestMethods(TestMethodWorker.java:125)
at org.testng.internal.TestMethodWorker.run(TestMethodWorker.java:109)
at java.util.concurrent.ThreadPoolExecutor.runWorker(ThreadPoolExecutor.java:1142)
at java.util.concurrent.ThreadPoolExecutor$Worker.run(ThreadPoolExecutor.java:617)
at java.lang.Thread.run(Thread.java:745)
]]>
            </full-stacktrace>
          </exception> <!-- org.openqa.selenium.WebDriverException -->
          <reporter-output>
          </reporter-output>
        </test-method> <!-- Testcases3 -->
        <test-method status="PASS" signature="WebTestCases(java.lang.String)[pri:0, instance:testNgDay4.parameterizationInTestNgB@490ab905]" name="WebTestCases" duration-ms="2" started-at="2019-05-30T05:21:41Z" finished-at="2019-05-30T05:21:41Z">
          <params>
            <param index="0">
              <value>
                <![CDATA[qaclickacademy.com]]>
              </value>
            </param>
          </params>
          <reporter-output>
          </reporter-output>
        </test-method> <!-- WebTestCases -->
      </class> <!-- testNgDay4.parameterizationInTestNgB -->
    </test> <!-- Web Testcases -->
  </suite> <!-- Loan Department -->
</testng-results>
